<?xml version="1.0" encoding="UTF-8"?>
<!-- Generated by org.testng.reporters.JUnitReportReporter -->
<testsuite hostname="BLR2T2WSF038" name="tests.SDHAPPROVAL" tests="1" failures="0" timestamp="28 Aug 2018 05:57:37 GMT" time="22.528" errors="0">
  <testcase name="SDHAPPROVALVERIFICATION" time="22.528" classname="tests.SDHAPPROVAL"/>
</testsuite> <!-- tests.SDHAPPROVAL -->
