<?xml version="1.0" encoding="UTF-8"?>
<!-- Generated by org.testng.reporters.JUnitReportReporter -->
<testsuite hostname="BLR2T2WSF038" name="ReportCases.VerifyCalculation" tests="1" failures="0" timestamp="12 Sep 2018 04:01:31 GMT" time="35.192" errors="0">
  <testcase name="CurrentDayRecord" time="35.192" classname="ReportCases.VerifyCalculation"/>
</testsuite> <!-- ReportCases.VerifyCalculation -->
