<?xml version="1.0" encoding="UTF-8"?>
<!-- Generated by org.testng.reporters.JUnitReportReporter -->
<testsuite hostname="BLR2T2WSF038" name="tests.OMDailyViewEntry" tests="1" failures="0" timestamp="12 Sep 2018 03:56:12 GMT" time="8.571" errors="0">
  <testcase name="OMScreen" time="8.571" classname="tests.OMDailyViewEntry"/>
</testsuite> <!-- tests.OMDailyViewEntry -->
