<?xml version="1.0" encoding="UTF-8"?>
<!-- Generated by org.testng.reporters.JUnitReportReporter -->
<testsuite hostname="BLR2T2WSF038" name="tests.dailyEntryViewEditLink" tests="1" failures="0" timestamp="7 Sep 2018 12:42:31 GMT" time="24.943" errors="0">
  <testcase name="dailyEntryViewEditLink" time="24.943" classname="tests.dailyEntryViewEditLink"/>
</testsuite> <!-- tests.dailyEntryViewEditLink -->
