<?xml version="1.0" encoding="UTF-8"?>
<!-- Generated by org.testng.reporters.JUnitReportReporter -->
<testsuite hostname="BLR2T2WSF038" name="tests.VerifyReportsTL" tests="1" failures="0" timestamp="5 Sep 2018 05:29:16 GMT" time="18.999" errors="0">
  <testcase name="VerifyReportsTL" time="18.999" classname="tests.VerifyReportsTL"/>
</testsuite> <!-- tests.VerifyReportsTL -->
