<?xml version="1.0" encoding="UTF-8"?>
<!-- Generated by org.testng.reporters.JUnitReportReporter -->
<testsuite hostname="BLR2T2WSF038" name="tests.AdminLogin" tests="1" failures="0" timestamp="31 Aug 2018 10:45:21 GMT" time="6.397" errors="0">
  <testcase name="PleaseSelectAccBilRev" time="6.397" classname="tests.AdminLogin"/>
</testsuite> <!-- tests.AdminLogin -->
