<?xml version="1.0" encoding="UTF-8"?>
<!-- Generated by org.testng.reporters.JUnitReportReporter -->
<testsuite hostname="BLR2T2WSF038" name="tests.dailyEntryViewEditLink" tests="1" failures="0" timestamp="31 Aug 2018 10:45:21 GMT" time="26.405" errors="0">
  <testcase name="dailyEntryViewEditLink" time="26.405" classname="tests.dailyEntryViewEditLink"/>
</testsuite> <!-- tests.dailyEntryViewEditLink -->
