<?xml version="1.0" encoding="UTF-8"?>
<!-- Generated by org.testng.reporters.JUnitReportReporter -->
<testsuite hostname="BLR2T2WSF038" name="tests.DateSelectionVerification" tests="1" failures="0" timestamp="12 Sep 2018 03:54:24 GMT" time="11.656" errors="0">
  <testcase name="DateSelectionVerification" time="11.656" classname="tests.DateSelectionVerification"/>
</testsuite> <!-- tests.DateSelectionVerification -->
