<?xml version="1.0" encoding="UTF-8"?>
<!-- Generated by org.testng.reporters.JUnitReportReporter -->
<testsuite hostname="BLR2T2WSF038" name="tests.TLLogin" tests="1" failures="0" timestamp="4 Sep 2018 04:58:16 GMT" time="3.953" errors="0">
  <testcase name="CurrentDayRecord" time="3.953" classname="tests.TLLogin"/>
</testsuite> <!-- tests.TLLogin -->
