<?xml version="1.0" encoding="UTF-8"?>
<!-- Generated by org.testng.reporters.JUnitReportReporter -->
<testsuite hostname="BLR2T2WSF038" name="tests.DailyEntryViewProcessFilter" tests="1" failures="0" timestamp="12 Sep 2018 03:54:24 GMT" time="12.939" errors="0">
  <testcase name="DailyEntryViewProcessFilter" time="12.939" classname="tests.DailyEntryViewProcessFilter"/>
</testsuite> <!-- tests.DailyEntryViewProcessFilter -->
