<?xml version="1.0" encoding="UTF-8"?>
<!-- Generated by org.testng.reporters.JUnitReportReporter -->
<testsuite hostname="BLR2T2WSF038" name="tests.VerifyTLConfigDisable" tests="1" failures="0" timestamp="4 Sep 2018 10:22:11 GMT" time="47.544" errors="0">
  <testcase name="VerifyTLConfigDisable" time="47.544" classname="tests.VerifyTLConfigDisable"/>
</testsuite> <!-- tests.VerifyTLConfigDisable -->
