<?xml version="1.0" encoding="UTF-8"?>
<!-- Generated by org.testng.reporters.JUnitReportReporter -->
<testsuite hostname="BLR2T2WSF038" name="ReportCases.VerifyCodiningProductionReport" tests="1" failures="0" timestamp="12 Sep 2018 04:01:31 GMT" time="130.237" errors="0">
  <testcase name="CurrentDayRecord" time="130.237" classname="ReportCases.VerifyCodiningProductionReport"/>
</testsuite> <!-- ReportCases.VerifyCodiningProductionReport -->
