<?xml version="1.0" encoding="UTF-8"?>
<!-- Generated by org.testng.reporters.JUnitReportReporter -->
<testsuite hostname="BLR2T2WSF038" name="tests.OperationManagerPending" tests="1" failures="0" timestamp="4 Sep 2018 04:58:16 GMT" time="12.992" errors="0">
  <testcase name="OperationManagerPending" time="12.992" classname="tests.OperationManagerPending"/>
</testsuite> <!-- tests.OperationManagerPending -->
