<?xml version="1.0" encoding="UTF-8"?>
<!-- Generated by org.testng.reporters.JUnitReportReporter -->
<testsuite hostname="BLR2T2WSF038" name="tests.LoginTest" tests="2" failures="0" timestamp="23 Jul 2018 07:24:26 GMT" time="4.100" errors="0">
  <testcase name="dologout" time="0.948" classname="tests.LoginTest"/>
  <testcase name="testLogin" time="3.152" classname="tests.LoginTest"/>
</testsuite> <!-- tests.LoginTest -->
