<?xml version="1.0" encoding="UTF-8"?>
<!-- Generated by org.testng.reporters.JUnitReportReporter -->
<testsuite hostname="BLR2T2WSF038" name="tests.VerifyTLConnfigEdit" tests="1" failures="0" timestamp="31 Aug 2018 10:45:21 GMT" time="82.959" errors="0">
  <testcase name="VerifyTLConnfigEdit" time="82.959" classname="tests.VerifyTLConnfigEdit"/>
</testsuite> <!-- tests.VerifyTLConnfigEdit -->
