<?xml version="1.0" encoding="UTF-8"?>
<!-- Generated by org.testng.reporters.JUnitReportReporter -->
<testsuite hostname="BLR2T2WSF038" name="tests.VerifiedUpdatedRecordsEdit" tests="1" failures="0" timestamp="31 Aug 2018 10:45:21 GMT" time="67.564" errors="0">
  <testcase name="VerifiedUpdatedRecordsEdit" time="67.564" classname="tests.VerifiedUpdatedRecordsEdit"/>
</testsuite> <!-- tests.VerifiedUpdatedRecordsEdit -->
