<?xml version="1.0" encoding="UTF-8"?>
<!-- Generated by org.testng.reporters.JUnitReportReporter -->
<testsuite hostname="BLR2T2WSF038" name="tests.EditDataPendingStatus" tests="1" failures="0" timestamp="12 Sep 2018 03:36:59 GMT" time="81.892" errors="0">
  <testcase name="EditDataPendingStatus" time="81.892" classname="tests.EditDataPendingStatus"/>
</testsuite> <!-- tests.EditDataPendingStatus -->
