<?xml version="1.0" encoding="UTF-8"?>
<!-- Generated by org.testng.reporters.JUnitReportReporter -->
<testsuite hostname="BLR2T2WSF038" name="tests.OMDailyViewEntry" tests="1" failures="0" timestamp="31 Aug 2018 10:45:22 GMT" time="8.592" errors="0">
  <testcase name="OMScreen" time="8.592" classname="tests.OMDailyViewEntry"/>
</testsuite> <!-- tests.OMDailyViewEntry -->
