<?xml version="1.0" encoding="UTF-8"?>
<!-- Generated by org.testng.reporters.JUnitReportReporter -->
<testsuite hostname="BLR2T2WSF038" name="tests.LoginTest" tests="2" failures="0" timestamp="24 Jul 2018 09:43:44 GMT" time="5.228" errors="0">
  <testcase name="dologout" time="1.111" classname="tests.LoginTest"/>
  <testcase name="testLogin" time="4.117" classname="tests.LoginTest"/>
</testsuite> <!-- tests.LoginTest -->
