<?xml version="1.0" encoding="UTF-8"?>
<!-- Generated by org.testng.reporters.JUnitReportReporter -->
<testsuite hostname="BLR2T2WSF038" name="tests.DateSelectionVerification" tests="1" failures="0" timestamp="31 Aug 2018 10:45:21 GMT" time="11.425" errors="0">
  <testcase name="DateSelectionVerification" time="11.425" classname="tests.DateSelectionVerification"/>
</testsuite> <!-- tests.DateSelectionVerification -->
