<?xml version="1.0" encoding="UTF-8"?>
<!-- Generated by org.testng.reporters.JUnitReportReporter -->
<testsuite hostname="BLR2T2WSF038" name="tests.TLConfigurationScreen" tests="1" failures="0" timestamp="12 Sep 2018 04:11:11 GMT" time="13.282" errors="0">
  <testcase name="TLConfigurationScreen" time="13.282" classname="tests.TLConfigurationScreen"/>
</testsuite> <!-- tests.TLConfigurationScreen -->
