<?xml version="1.0" encoding="UTF-8"?>
<!-- Generated by org.testng.reporters.JUnitReportReporter -->
<testsuite hostname="BLR2T2WSF038" name="tests.VerifyRemarkBalnceSatuseField" tests="1" failures="0" timestamp="31 Aug 2018 10:45:22 GMT" time="17.423" errors="0">
  <testcase name="VerifyRemarkBalnceSatuseField" time="17.423" classname="tests.VerifyRemarkBalnceSatuseField"/>
</testsuite> <!-- tests.VerifyRemarkBalnceSatuseField -->
