<?xml version="1.0" encoding="UTF-8"?>
<!-- Generated by org.testng.reporters.JUnitReportReporter -->
<testsuite hostname="BLR2T2WSF038" name="tests.RejectRecords" tests="1" failures="0" timestamp="4 Sep 2018 04:58:16 GMT" time="93.519" errors="0">
  <testcase name="RejectRecords" time="93.519" classname="tests.RejectRecords"/>
</testsuite> <!-- tests.RejectRecords -->
